# JRE version: OpenJDK Runtime Environment Temurin-21.0.10+7 (21.0.10+7) (build 21.0.10+7-LTS)
# Java VM: OpenJDK 64-Bit Server VM Temurin-21.0.10+7 (21.0.10+7-LTS, mixed mode, sharing, tiered, compressed oops, compressed class ptrs, parallel gc, windows-amd64)
GC Precious Log:
 CardTable entry size: 512
 CPUs: 16 total, 16 available
 Memory: 15676M
 Large Page Support: Disabled
 NUMA Support: Disabled
 Compressed Oops: Enabled (32-bit)
 Alignments: Space 512K, Generation 512K, Heap 2M
 Heap Min Capacity: 100M
 Heap Initial Capacity: 100M
 Heap Max Capacity: 2G
 Pre-touch: Disabled
 Parallel Workers: 13
Heap:
 PSYoungGen      total 4608K, used 2512K [0x00000000d5580000, 0x00000000d5b00000, 0x0000000100000000)
  eden space 3584K, 50% used [0x00000000d5580000,0x00000000d5744028,0x00000000d5900000)
  from space 1024K, 68% used [0x00000000d5a00000,0x00000000d5ab0000,0x00000000d5b00000)
  to   space 1024K, 0% used [0x00000000d5900000,0x00000000d5900000,0x00000000d5a00000)
 ParOldGen       total 175104K, used 115387K [0x0000000080000000, 0x000000008ab00000, 0x00000000d5580000)
  object space 175104K, 65% used [0x0000000080000000,0x00000000870aefa8,0x000000008ab00000)
 Metaspace       used 73540K, committed 75072K, reserved 1179648K
  class space    used 7500K, committed 8192K, reserved 1048576K
GC Heap History (20 events):
Event: 24.048 GC heap before
{Heap before GC invocations=499 (full 4):
 PSYoungGen      total 4608K, used 4336K [0x00000000d5580000, 0x00000000d5b00000, 0x0000000100000000)
  eden space 3584K, 100% used [0x00000000d5580000,0x00000000d5900000,0x00000000d5900000)
  from space 1024K, 73% used [0x00000000d5a00000,0x00000000d5abc010,0x00000000d5b00000)
  to   space 1024K, 0% used [0x00000000d5900000,0x00000000d5900000,0x00000000d5a00000)
 ParOldGen       total 175104K, used 110957K [0x0000000080000000, 0x000000008ab00000, 0x00000000d5580000)
  object space 175104K, 63% used [0x0000000080000000,0x0000000086c5b5d0,0x000000008ab00000)
 Metaspace       used 73148K, committed 74688K, reserved 1179648K
  class space    used 7484K, committed 8192K, reserved 1048576K
}
Event: 24.048 GC heap after
{Heap after GC invocations=499 (full 4):
 PSYoungGen      total 4608K, used 660K [0x00000000d5580000, 0x00000000d5b00000, 0x0000000100000000)
  eden space 3584K, 0% used [0x00000000d5580000,0x00000000d5580000,0x00000000d5900000)
  from space 1024K, 64% used [0x00000000d5900000,0x00000000d59a5200,0x00000000d5a00000)
  to   space 1024K, 0% used [0x00000000d5a00000,0x00000000d5a00000,0x00000000d5b00000)
 ParOldGen       total 175104K, used 111469K [0x0000000080000000, 0x000000008ab00000, 0x00000000d5580000)
  object space 175104K, 63% used [0x0000000080000000,0x0000000086cdb5f0,0x000000008ab00000)
 Metaspace       used 73148K, committed 74688K, reserved 1179648K
  class space    used 7484K, committed 8192K, reserved 1048576K
}
Event: 24.054 GC heap before
{Heap before GC invocations=500 (full 4):
 PSYoungGen      total 4608K, used 4244K [0x00000000d5580000, 0x00000000d5b00000, 0x0000000100000000)
  eden space 3584K, 100% used [0x00000000d5580000,0x00000000d5900000,0x00000000d5900000)
  from space 1024K, 64% used [0x00000000d5900000,0x00000000d59a5200,0x00000000d5a00000)
  to   space 1024K, 0% used [0x00000000d5a00000,0x00000000d5a00000,0x00000000d5b00000)
 ParOldGen       total 175104K, used 111469K [0x0000000080000000, 0x000000008ab00000, 0x00000000d5580000)
  object space 175104K, 63% used [0x0000000080000000,0x0000000086cdb5f0,0x000000008ab00000)
 Metaspace       used 73163K, committed 74688K, reserved 1179648K
  class space    used 7484K, committed 8192K, reserved 1048576K
}
Event: 24.054 GC heap after
{Heap after GC invocations=500 (full 4):
 PSYoungGen      total 4608K, used 608K [0x00000000d5580000, 0x00000000d5b00000, 0x0000000100000000)
  eden space 3584K, 0% used [0x00000000d5580000,0x00000000d5580000,0x00000000d5900000)
  from space 1024K, 59% used [0x00000000d5a00000,0x00000000d5a98000,0x00000000d5b00000)
  to   space 1024K, 0% used [0x00000000d5900000,0x00000000d5900000,0x00000000d5a00000)
 ParOldGen       total 175104K, used 111911K [0x0000000080000000, 0x000000008ab00000, 0x00000000d5580000)
  object space 175104K, 63% used [0x0000000080000000,0x0000000086d49da0,0x000000008ab00000)
 Metaspace       used 73163K, committed 74688K, reserved 1179648K
  class space    used 7484K, committed 8192K, reserved 1048576K
}
Event: 24.065 GC heap before
{Heap before GC invocations=501 (full 4):
 PSYoungGen      total 4608K, used 4192K [0x00000000d5580000, 0x00000000d5b00000, 0x0000000100000000)
  eden space 3584K, 100% used [0x00000000d5580000,0x00000000d5900000,0x00000000d5900000)
  from space 1024K, 59% used [0x00000000d5a00000,0x00000000d5a98000,0x00000000d5b00000)
  to   space 1024K, 0% used [0x00000000d5900000,0x00000000d5900000,0x00000000d5a00000)
 ParOldGen       total 175104K, used 111911K [0x0000000080000000, 0x000000008ab00000, 0x00000000d5580000)
  object space 175104K, 63% used [0x0000000080000000,0x0000000086d49da0,0x000000008ab00000)
 Metaspace       used 73164K, committed 74688K, reserved 1179648K
  class space    used 7484K, committed 8192K, reserved 1048576K
}
Event: 24.066 GC heap after
{Heap after GC invocations=501 (full 4):
 PSYoungGen      total 4608K, used 762K [0x00000000d5580000, 0x00000000d5b00000, 0x0000000100000000)
  eden space 3584K, 0% used [0x00000000d5580000,0x00000000d5580000,0x00000000d5900000)
  from space 1024K, 74% used [0x00000000d5900000,0x00000000d59be900,0x00000000d5a00000)
  to   space 1024K, 0% used [0x00000000d5a00000,0x00000000d5a00000,0x00000000d5b00000)
 ParOldGen       total 175104K, used 112471K [0x0000000080000000, 0x000000008ab00000, 0x00000000d5580000)
  object space 175104K, 64% used [0x0000000080000000,0x0000000086dd5dc0,0x000000008ab00000)
 Metaspace       used 73164K, committed 74688K, reserved 1179648K
  class space    used 7484K, committed 8192K, reserved 1048576K
}
Event: 24.069 GC heap before
{Heap before GC invocations=502 (full 4):
 PSYoungGen      total 4608K, used 4346K [0x00000000d5580000, 0x00000000d5b00000, 0x0000000100000000)
  eden space 3584K, 100% used [0x00000000d5580000,0x00000000d5900000,0x00000000d5900000)
  from space 1024K, 74% used [0x00000000d5900000,0x00000000d59be900,0x00000000d5a00000)
  to   space 1024K, 0% used [0x00000000d5a00000,0x00000000d5a00000,0x00000000d5b00000)
 ParOldGen       total 175104K, used 112471K [0x0000000080000000, 0x000000008ab00000, 0x00000000d5580000)
  object space 175104K, 64% used [0x0000000080000000,0x0000000086dd5dc0,0x000000008ab00000)
 Metaspace       used 73164K, committed 74688K, reserved 1179648K
  class space    used 7484K, committed 8192K, reserved 1048576K
}
Event: 24.070 GC heap after
{Heap after GC invocations=502 (full 4):
 PSYoungGen      total 4608K, used 400K [0x00000000d5580000, 0x00000000d5b00000, 0x0000000100000000)
  eden space 3584K, 0% used [0x00000000d5580000,0x00000000d5580000,0x00000000d5900000)
  from space 1024K, 39% used [0x00000000d5a00000,0x00000000d5a64010,0x00000000d5b00000)
  to   space 1024K, 0% used [0x00000000d5900000,0x00000000d5900000,0x00000000d5a00000)
 ParOldGen       total 175104K, used 113024K [0x0000000080000000, 0x000000008ab00000, 0x00000000d5580000)
  object space 175104K, 64% used [0x0000000080000000,0x0000000086e603e0,0x000000008ab00000)
 Metaspace       used 73164K, committed 74688K, reserved 1179648K
  class space    used 7484K, committed 8192K, reserved 1048576K
}
Event: 24.076 GC heap before
{Heap before GC invocations=503 (full 4):
 PSYoungGen      total 4608K, used 3984K [0x00000000d5580000, 0x00000000d5b00000, 0x0000000100000000)
  eden space 3584K, 100% used [0x00000000d5580000,0x00000000d5900000,0x00000000d5900000)
  from space 1024K, 39% used [0x00000000d5a00000,0x00000000d5a64010,0x00000000d5b00000)
  to   space 1024K, 0% used [0x00000000d5900000,0x00000000d5900000,0x00000000d5a00000)
 ParOldGen       total 175104K, used 113024K [0x0000000080000000, 0x000000008ab00000, 0x00000000d5580000)
  object space 175104K, 64% used [0x0000000080000000,0x0000000086e603e0,0x000000008ab00000)
 Metaspace       used 73164K, committed 74688K, reserved 1179648K
  class space    used 7484K, committed 8192K, reserved 1048576K
}
Event: 24.077 GC heap after
{Heap after GC invocations=503 (full 4):
 PSYoungGen      total 4608K, used 836K [0x00000000d5580000, 0x00000000d5b00000, 0x0000000100000000)
  eden space 3584K, 0% used [0x00000000d5580000,0x00000000d5580000,0x00000000d5900000)
  from space 1024K, 81% used [0x00000000d5900000,0x00000000d59d1210,0x00000000d5a00000)
  to   space 1024K, 0% used [0x00000000d5a00000,0x00000000d5a00000,0x00000000d5b00000)
 ParOldGen       total 175104K, used 113337K [0x0000000080000000, 0x000000008ab00000, 0x00000000d5580000)
  object space 175104K, 64% used [0x0000000080000000,0x0000000086eae400,0x000000008ab00000)
 Metaspace       used 73164K, committed 74688K, reserved 1179648K
  class space    used 7484K, committed 8192K, reserved 1048576K
}
Event: 24.081 GC heap before
{Heap before GC invocations=504 (full 4):
 PSYoungGen      total 4608K, used 4420K [0x00000000d5580000, 0x00000000d5b00000, 0x0000000100000000)
  eden space 3584K, 100% used [0x00000000d5580000,0x00000000d5900000,0x00000000d5900000)
  from space 1024K, 81% used [0x00000000d5900000,0x00000000d59d1210,0x00000000d5a00000)
  to   space 1024K, 0% used [0x00000000d5a00000,0x00000000d5a00000,0x00000000d5b00000)
 ParOldGen       total 175104K, used 113337K [0x0000000080000000, 0x000000008ab00000, 0x00000000d5580000)
  object space 175104K, 64% used [0x0000000080000000,0x0000000086eae400,0x000000008ab00000)
 Metaspace       used 73164K, committed 74688K, reserved 1179648K
  class space    used 7484K, committed 8192K, reserved 1048576K
}
Event: 24.082 GC heap after
{Heap after GC invocations=504 (full 4):
 PSYoungGen      total 4608K, used 368K [0x00000000d5580000, 0x00000000d5b00000, 0x0000000100000000)
  eden space 3584K, 0% used [0x00000000d5580000,0x00000000d5580000,0x00000000d5900000)
  from space 1024K, 35% used [0x00000000d5a00000,0x00000000d5a5c010,0x00000000d5b00000)
  to   space 1024K, 0% used [0x00000000d5900000,0x00000000d5900000,0x00000000d5a00000)
 ParOldGen       total 175104K, used 113949K [0x0000000080000000, 0x000000008ab00000, 0x00000000d5580000)
  object space 175104K, 65% used [0x0000000080000000,0x0000000086f47610,0x000000008ab00000)
 Metaspace       used 73164K, committed 74688K, reserved 1179648K
  class space    used 7484K, committed 8192K, reserved 1048576K
}
Event: 31.096 GC heap before
{Heap before GC invocations=505 (full 4):
 PSYoungGen      total 4608K, used 3952K [0x00000000d5580000, 0x00000000d5b00000, 0x0000000100000000)
  eden space 3584K, 100% used [0x00000000d5580000,0x00000000d5900000,0x00000000d5900000)
  from space 1024K, 35% used [0x00000000d5a00000,0x00000000d5a5c010,0x00000000d5b00000)
  to   space 1024K, 0% used [0x00000000d5900000,0x00000000d5900000,0x00000000d5a00000)
 ParOldGen       total 175104K, used 113949K [0x0000000080000000, 0x000000008ab00000, 0x00000000d5580000)
  object space 175104K, 65% used [0x0000000080000000,0x0000000086f47610,0x000000008ab00000)
 Metaspace       used 73192K, committed 74752K, reserved 1179648K
  class space    used 7484K, committed 8192K, reserved 1048576K
}
Event: 31.096 GC heap after
{Heap after GC invocations=505 (full 4):
 PSYoungGen      total 4608K, used 912K [0x00000000d5580000, 0x00000000d5b00000, 0x0000000100000000)
  eden space 3584K, 0% used [0x00000000d5580000,0x00000000d5580000,0x00000000d5900000)
  from space 1024K, 89% used [0x00000000d5900000,0x00000000d59e4030,0x00000000d5a00000)
  to   space 1024K, 0% used [0x00000000d5a00000,0x00000000d5a00000,0x00000000d5b00000)
 ParOldGen       total 175104K, used 114253K [0x0000000080000000, 0x000000008ab00000, 0x00000000d5580000)
  object space 175104K, 65% used [0x0000000080000000,0x0000000086f93630,0x000000008ab00000)
 Metaspace       used 73192K, committed 74752K, reserved 1179648K
  class space    used 7484K, committed 8192K, reserved 1048576K
}
Event: 182.895 GC heap before
{Heap before GC invocations=506 (full 4):
 PSYoungGen      total 4608K, used 4496K [0x00000000d5580000, 0x00000000d5b00000, 0x0000000100000000)
  eden space 3584K, 99% used [0x00000000d5580000,0x00000000d58fffe8,0x00000000d5900000)
  from space 1024K, 89% used [0x00000000d5900000,0x00000000d59e4030,0x00000000d5a00000)
  to   space 1024K, 0% used [0x00000000d5a00000,0x00000000d5a00000,0x00000000d5b00000)
 ParOldGen       total 175104K, used 114253K [0x0000000080000000, 0x000000008ab00000, 0x00000000d5580000)
  object space 175104K, 65% used [0x0000000080000000,0x0000000086f93630,0x000000008ab00000)
 Metaspace       used 73419K, committed 74944K, reserved 1179648K
  class space    used 7498K, committed 8192K, reserved 1048576K
}
Event: 182.896 GC heap after
{Heap after GC invocations=506 (full 4):
 PSYoungGen      total 4608K, used 544K [0x00000000d5580000, 0x00000000d5b00000, 0x0000000100000000)
  eden space 3584K, 0% used [0x00000000d5580000,0x00000000d5580000,0x00000000d5900000)
  from space 1024K, 53% used [0x00000000d5a00000,0x00000000d5a88000,0x00000000d5b00000)
  to   space 1024K, 0% used [0x00000000d5900000,0x00000000d5900000,0x00000000d5a00000)
 ParOldGen       total 175104K, used 114621K [0x0000000080000000, 0x000000008ab00000, 0x00000000d5580000)
  object space 175104K, 65% used [0x0000000080000000,0x0000000086fef630,0x000000008ab00000)
 Metaspace       used 73419K, committed 74944K, reserved 1179648K
  class space    used 7498K, committed 8192K, reserved 1048576K
}
Event: 4561.737 GC heap before
{Heap before GC invocations=507 (full 4):
 PSYoungGen      total 4608K, used 4127K [0x00000000d5580000, 0x00000000d5b00000, 0x0000000100000000)
  eden space 3584K, 99% used [0x00000000d5580000,0x00000000d58ffc50,0x00000000d5900000)
  from space 1024K, 53% used [0x00000000d5a00000,0x00000000d5a88000,0x00000000d5b00000)
  to   space 1024K, 0% used [0x00000000d5900000,0x00000000d5900000,0x00000000d5a00000)
 ParOldGen       total 175104K, used 114621K [0x0000000080000000, 0x000000008ab00000, 0x00000000d5580000)
  object space 175104K, 65% used [0x0000000080000000,0x0000000086fef630,0x000000008ab00000)
 Metaspace       used 73483K, committed 75008K, reserved 1179648K
  class space    used 7500K, committed 8192K, reserved 1048576K
}
Event: 4561.765 GC heap after
{Heap after GC invocations=507 (full 4):
 PSYoungGen      total 4608K, used 553K [0x00000000d5580000, 0x00000000d5b00000, 0x0000000100000000)
  eden space 3584K, 0% used [0x00000000d5580000,0x00000000d5580000,0x00000000d5900000)
  from space 1024K, 54% used [0x00000000d5900000,0x00000000d598a420,0x00000000d5a00000)
  to   space 1024K, 0% used [0x00000000d5a00000,0x00000000d5a00000,0x00000000d5b00000)
 ParOldGen       total 175104K, used 115042K [0x0000000080000000, 0x000000008ab00000, 0x00000000d5580000)
  object space 175104K, 65% used [0x0000000080000000,0x0000000087058b78,0x000000008ab00000)
 Metaspace       used 73483K, committed 75008K, reserved 1179648K
  class space    used 7500K, committed 8192K, reserved 1048576K
}
Event: 4561.805 GC heap before
{Heap before GC invocations=508 (full 4):
 PSYoungGen      total 4608K, used 4137K [0x00000000d5580000, 0x00000000d5b00000, 0x0000000100000000)
  eden space 3584K, 100% used [0x00000000d5580000,0x00000000d5900000,0x00000000d5900000)
  from space 1024K, 54% used [0x00000000d5900000,0x00000000d598a420,0x00000000d5a00000)
  to   space 1024K, 0% used [0x00000000d5a00000,0x00000000d5a00000,0x00000000d5b00000)
 ParOldGen       total 175104K, used 115042K [0x0000000080000000, 0x000000008ab00000, 0x00000000d5580000)
  object space 175104K, 65% used [0x0000000080000000,0x0000000087058b78,0x000000008ab00000)
 Metaspace       used 73483K, committed 75008K, reserved 1179648K
  class space    used 7500K, committed 8192K, reserved 1048576K
}
Event: 4561.807 GC heap after
{Heap after GC invocations=508 (full 4):
 PSYoungGen      total 4608K, used 704K [0x00000000d5580000, 0x00000000d5b00000, 0x0000000100000000)
  eden space 3584K, 0% used [0x00000000d5580000,0x00000000d5580000,0x00000000d5900000)
  from space 1024K, 68% used [0x00000000d5a00000,0x00000000d5ab0000,0x00000000d5b00000)
  to   space 1024K, 0% used [0x00000000d5900000,0x00000000d5900000,0x00000000d5a00000)
 ParOldGen       total 175104K, used 115387K [0x0000000080000000, 0x000000008ab00000, 0x00000000d5580000)
  object space 175104K, 65% used [0x0000000080000000,0x00000000870aefa8,0x000000008ab00000)
 Metaspace       used 73483K, committed 75008K, reserved 1179648K
  class space    used 7500K, committed 8192K, reserved 1048576K
}

